<?xml version="1.0" encoding="UTF-8"?>
<!-- Generated by org.testng.reporters.JUnitReportReporter -->
<testsuite hostname="LAPTOP-IL8TFG41" failures="0" tests="1" name="apicode.PostRequest" time="0.068" errors="0" timestamp="2020-07-25T22:17:10 IST" skipped="0">
  <testcase classname="apicode.PostRequest" name="PostData" time="0.068"/>
  <system-out/>
</testsuite> <!-- apicode.PostRequest -->
