<?xml version="1.0" encoding="UTF-8"?>
<!-- Generated by org.testng.reporters.JUnitReportReporter -->
<testsuite hostname="LAPTOP-IL8TFG41" failures="0" tests="1" name="apicode.Getrequest_Googlemap" time="1.018" errors="0" timestamp="2020-07-25T21:38:57 IST" skipped="0">
  <testcase classname="apicode.Getrequest_Googlemap" name="GetWeatherData" time="1.018"/>
  <system-out/>
</testsuite> <!-- apicode.Getrequest_Googlemap -->
