<?xml version="1.0" encoding="UTF-8"?>
<!-- Generated by org.testng.reporters.JUnitReportReporter -->
<testsuite hostname="LAPTOP-IL8TFG41" failures="0" tests="1" name="apicode.DeleteRequest" time="1.201" errors="0" timestamp="2020-07-25T22:17:10 IST" skipped="0">
  <testcase classname="apicode.DeleteRequest" name="GetData" time="1.201"/>
  <system-out/>
</testsuite> <!-- apicode.DeleteRequest -->
