<?xml version="1.0" encoding="UTF-8"?>
<!-- Generated by org.testng.reporters.JUnitReportReporter -->
<testsuite hostname="LAPTOP-IL8TFG41" failures="0" tests="1" name="apicode.Getrequest_ElasticSearch" time="0.016" errors="0" timestamp="2020-07-25T22:05:56 IST" skipped="0">
  <testcase classname="apicode.Getrequest_ElasticSearch" name="GetData" time="0.016"/>
  <system-out/>
</testsuite> <!-- apicode.Getrequest_ElasticSearch -->
